Drill report for /home/dolbeau/SPARC/SBusFPGA.V1_X/sbus-to-ztex/sbus-to-ztex.kicad_pcb
Created on Tue Sep 19 10:22:30 2023

Copper Layer Stackup:
    =============================================================
    L1 :  F.Cu                      front
    L2 :  In1.Cu                    in1
    L3 :  In2.Cu                    in2
    L4 :  B.Cu                      back


Drill file 'sbus-to-ztex-PTH.drl' contains
    plated through holes:
    =============================================================
    T1  0.30mm  0.012"  (15 holes)
    T2  0.40mm  0.016"  (75 holes)
    T3  0.50mm  0.020"  (2 holes)  (with 2 slots)
    T4  0.55mm  0.022"  (2 holes)  (with 2 slots)
    T5  0.80mm  0.031"  (96 holes)
    T6  0.90mm  0.035"  (14 holes)
    T7  1.00mm  0.039"  (12 holes)
    T8  1.14mm  0.045"  (128 holes)
    T9  1.20mm  0.047"  (3 holes)
    T10  1.30mm  0.051"  (4 holes)
    T11  2.20mm  0.087"  (1 hole)

    Total plated holes count 352


Drill file 'sbus-to-ztex-NPTH.drl' contains
    unplated through holes:
    =============================================================

    Total unplated holes count 0
