## Footprint report - date Sun Sep 12 12:00:59 2021
## Created by Pcbnew version kicad 5.0.2+dfsg1-1~bpo9+1
## Unit = mm, Angle = deg.

$BeginDESCRIPTION

$BOARD
upper_left_corner 93.478999 43.924999
lower_right_corner 156.895001 83.944573
$EndBOARD

$MODULE "C3"
reference "C3"
value "1nF (250V)"
footprint "Capacitor_SMD:C_0603_1608Metric"
attribut smd
position 130.205000 72.940000  orientation 180.00
layer front
$PAD "1"
Shape Roundrect Layer front
position -0.787500  0.000000  size  0.875000  0.950000  orientation 0.00
drill  0.000000
shape_offset  0.000000  0.000000
$EndPAD
$PAD "2"
Shape Roundrect Layer front
position  0.787500  0.000000  size  0.875000  0.950000  orientation 0.00
drill  0.000000
shape_offset  0.000000  0.000000
$EndPAD
$EndMODULE  C3

$MODULE "R9"
reference "R9"
value "1M (5% .25W)"
footprint "Resistor_SMD:R_0603_1608Metric"
attribut smd
position 130.205000 71.175000  orientation 180.00
layer front
$PAD "1"
Shape Roundrect Layer front
position -0.787500  0.000000  size  0.875000  0.950000  orientation 0.00
drill  0.000000
shape_offset  0.000000  0.000000
$EndPAD
$PAD "2"
Shape Roundrect Layer front
position  0.787500  0.000000  size  0.875000  0.950000  orientation 0.00
drill  0.000000
shape_offset  0.000000  0.000000
$EndPAD
$EndMODULE  R9

$MODULE "J1"
reference "J1"
value "DB15_Female_HighDensity_MountingHoles"
footprint "For_SeeedStudio:L77HDE15SD1CH4RHNVGA"
attribut none
position 138.600000 72.080000  orientation 90.00
layer front
$PAD "15"
Shape Circle Layer both
position  7.670000  2.540000  size  1.500000  1.500000  orientation 0.00
drill  1.190000
shape_offset  0.000000  0.000000
$EndPAD
$PAD "14"
Shape Circle Layer both
position  9.960000  2.540000  size  1.500000  1.500000  orientation 0.00
drill  1.190000
shape_offset  0.000000  0.000000
$EndPAD
$PAD "13"
Shape Circle Layer both
position 12.254000  2.540000  size  1.500000  1.500000  orientation 0.00
drill  1.190000
shape_offset  0.000000  0.000000
$EndPAD
$PAD "12"
Shape Circle Layer both
position 14.540000  2.540000  size  1.500000  1.500000  orientation 0.00
drill  1.190000
shape_offset  0.000000  0.000000
$EndPAD
$PAD "11"
Shape Circle Layer both
position 16.830000  2.540000  size  1.500000  1.500000  orientation 0.00
drill  1.190000
shape_offset  0.000000  0.000000
$EndPAD
$PAD "10"
Shape Circle Layer both
position  8.810000  0.000000  size  1.500000  1.500000  orientation 0.00
drill  1.190000
shape_offset  0.000000  0.000000
$EndPAD
$PAD "9"
Shape Circle Layer both
position 11.100000  0.000000  size  1.500000  1.500000  orientation 0.00
drill  1.190000
shape_offset  0.000000  0.000000
$EndPAD
$PAD "8"
Shape Circle Layer both
position 13.390000  0.000000  size  1.500000  1.500000  orientation 0.00
drill  1.190000
shape_offset  0.000000  0.000000
$EndPAD
$PAD "7"
Shape Circle Layer both
position 15.680000  0.000000  size  1.500000  1.500000  orientation 0.00
drill  1.190000
shape_offset  0.000000  0.000000
$EndPAD
$PAD "6"
Shape Circle Layer both
position 17.970000  0.000000  size  1.500000  1.500000  orientation 0.00
drill  1.190000
shape_offset  0.000000  0.000000
$EndPAD
$PAD "5"
Shape Circle Layer both
position  7.670000 -2.540000  size  1.500000  1.500000  orientation 0.00
drill  1.190000
shape_offset  0.000000  0.000000
$EndPAD
$PAD "4"
Shape Circle Layer both
position  9.960000 -2.540000  size  1.500000  1.500000  orientation 0.00
drill  1.190000
shape_offset  0.000000  0.000000
$EndPAD
$PAD "3"
Shape Circle Layer both
position 12.250000 -2.540000  size  1.500000  1.500000  orientation 0.00
drill  1.190000
shape_offset  0.000000  0.000000
$EndPAD
$PAD "2"
Shape Circle Layer both
position 14.540000 -2.540000  size  1.500000  1.500000  orientation 0.00
drill  1.190000
shape_offset  0.000000  0.000000
$EndPAD
$PAD "1"
Shape Circle Layer both
position 16.830000 -2.540000  size  1.500000  1.500000  orientation 0.00
drill  1.190000
shape_offset  0.000000  0.000000
$EndPAD
$PAD "0"
Shape Circle Layer both
position 25.000000  0.000000  size  3.500000  3.500000  orientation 0.00
drill  3.050000
shape_offset  0.000000  0.000000
$EndPAD
$PAD "0"
Shape Circle Layer both
position  0.000000  0.000000  size  3.500000  3.500000  orientation 0.00
drill  3.050000
shape_offset  0.000000  0.000000
$EndPAD
$EndMODULE  J1

$MODULE "R25"
reference "R25"
value "1k"
footprint "Resistor_SMD:R_0603_1608Metric"
attribut smd
position 115.890000 62.817800  orientation 180.00
layer front
$PAD "2"
Shape Roundrect Layer front
position  0.787500  0.000000  size  0.875000  0.950000  orientation 0.00
drill  0.000000
shape_offset  0.000000  0.000000
$EndPAD
$PAD "1"
Shape Roundrect Layer front
position -0.787500  0.000000  size  0.875000  0.950000  orientation 0.00
drill  0.000000
shape_offset  0.000000  0.000000
$EndPAD
$EndMODULE  R25

$MODULE "R24"
reference "R24"
value "510"
footprint "Resistor_SMD:R_0603_1608Metric"
attribut smd
position 114.288000 61.039800  orientation 180.00
layer front
$PAD "1"
Shape Roundrect Layer front
position -0.787500  0.000000  size  0.875000  0.950000  orientation 0.00
drill  0.000000
shape_offset  0.000000  0.000000
$EndPAD
$PAD "2"
Shape Roundrect Layer front
position  0.787500  0.000000  size  0.875000  0.950000  orientation 0.00
drill  0.000000
shape_offset  0.000000  0.000000
$EndPAD
$EndMODULE  R24

$MODULE "R19"
reference "R19"
value "1k"
footprint "Resistor_SMD:R_0603_1608Metric"
attribut smd
position 115.890000 58.375800  orientation 180.00
layer front
$PAD "2"
Shape Roundrect Layer front
position  0.787500  0.000000  size  0.875000  0.950000  orientation 0.00
drill  0.000000
shape_offset  0.000000  0.000000
$EndPAD
$PAD "1"
Shape Roundrect Layer front
position -0.787500  0.000000  size  0.875000  0.950000  orientation 0.00
drill  0.000000
shape_offset  0.000000  0.000000
$EndPAD
$EndMODULE  R19

$MODULE "R18"
reference "R18"
value "510"
footprint "Resistor_SMD:R_0603_1608Metric"
attribut smd
position 114.288000 56.597800  orientation 180.00
layer front
$PAD "1"
Shape Roundrect Layer front
position -0.787500  0.000000  size  0.875000  0.950000  orientation 0.00
drill  0.000000
shape_offset  0.000000  0.000000
$EndPAD
$PAD "2"
Shape Roundrect Layer front
position  0.787500  0.000000  size  0.875000  0.950000  orientation 0.00
drill  0.000000
shape_offset  0.000000  0.000000
$EndPAD
$EndMODULE  R18

$MODULE "R13"
reference "R13"
value "1k"
footprint "Resistor_SMD:R_0603_1608Metric"
attribut smd
position 115.890000 53.933800  orientation 180.00
layer front
$PAD "2"
Shape Roundrect Layer front
position  0.787500  0.000000  size  0.875000  0.950000  orientation 0.00
drill  0.000000
shape_offset  0.000000  0.000000
$EndPAD
$PAD "1"
Shape Roundrect Layer front
position -0.787500  0.000000  size  0.875000  0.950000  orientation 0.00
drill  0.000000
shape_offset  0.000000  0.000000
$EndPAD
$EndMODULE  R13

$MODULE "R12"
reference "R12"
value "510"
footprint "Resistor_SMD:R_0603_1608Metric"
attribut smd
position 114.288000 52.155800  orientation 180.00
layer front
$PAD "1"
Shape Roundrect Layer front
position -0.787500  0.000000  size  0.875000  0.950000  orientation 0.00
drill  0.000000
shape_offset  0.000000  0.000000
$EndPAD
$PAD "2"
Shape Roundrect Layer front
position  0.787500  0.000000  size  0.875000  0.950000  orientation 0.00
drill  0.000000
shape_offset  0.000000  0.000000
$EndPAD
$EndMODULE  R12

$MODULE "R11"
reference "R11"
value "100"
footprint "Resistor_SMD:R_0603_1608Metric"
attribut smd
position 114.280000 67.600000  orientation 0.00
layer front
$PAD "2"
Shape Roundrect Layer front
position  0.787500  0.000000  size  0.875000  0.950000  orientation 0.00
drill  0.000000
shape_offset  0.000000  0.000000
$EndPAD
$PAD "1"
Shape Roundrect Layer front
position -0.787500  0.000000  size  0.875000  0.950000  orientation 0.00
drill  0.000000
shape_offset  0.000000  0.000000
$EndPAD
$EndMODULE  R11

$MODULE "R10"
reference "R10"
value "100"
footprint "Resistor_SMD:R_0603_1608Metric"
attribut smd
position 117.400000 65.800000  orientation 0.00
layer front
$PAD "1"
Shape Roundrect Layer front
position -0.787500  0.000000  size  0.875000  0.950000  orientation 0.00
drill  0.000000
shape_offset  0.000000  0.000000
$EndPAD
$PAD "2"
Shape Roundrect Layer front
position  0.787500  0.000000  size  0.875000  0.950000  orientation 0.00
drill  0.000000
shape_offset  0.000000  0.000000
$EndPAD
$EndMODULE  R10

$MODULE "J2"
reference "J2"
value "Conn_02x06_Odd_Even"
footprint "Connector_PinHeader_2.54mm:PinHeader_2x06_P2.54mm_Horizontal"
attribut none
position 106.604000 66.129000  orientation 180.00
layer front
$PAD "1"
Shape Rect Layer both
position  0.000000  0.000000  size  1.700000  1.700000  orientation 0.00
drill  1.000000
shape_offset  0.000000  0.000000
$EndPAD
$PAD "2"
Shape Oval Layer both
position  2.540000  0.000000  size  1.700000  1.700000  orientation 0.00
drill  1.000000
shape_offset  0.000000  0.000000
$EndPAD
$PAD "3"
Shape Oval Layer both
position  0.000000  2.540000  size  1.700000  1.700000  orientation 0.00
drill  1.000000
shape_offset  0.000000  0.000000
$EndPAD
$PAD "4"
Shape Oval Layer both
position  2.540000  2.540000  size  1.700000  1.700000  orientation 0.00
drill  1.000000
shape_offset  0.000000  0.000000
$EndPAD
$PAD "5"
Shape Oval Layer both
position  0.000000  5.080000  size  1.700000  1.700000  orientation 0.00
drill  1.000000
shape_offset  0.000000  0.000000
$EndPAD
$PAD "6"
Shape Oval Layer both
position  2.540000  5.080000  size  1.700000  1.700000  orientation 0.00
drill  1.000000
shape_offset  0.000000  0.000000
$EndPAD
$PAD "7"
Shape Oval Layer both
position  0.000000  7.620000  size  1.700000  1.700000  orientation 0.00
drill  1.000000
shape_offset  0.000000  0.000000
$EndPAD
$PAD "8"
Shape Oval Layer both
position  2.540000  7.620000  size  1.700000  1.700000  orientation 0.00
drill  1.000000
shape_offset  0.000000  0.000000
$EndPAD
$PAD "9"
Shape Oval Layer both
position  0.000000 10.160000  size  1.700000  1.700000  orientation 0.00
drill  1.000000
shape_offset  0.000000  0.000000
$EndPAD
$PAD "10"
Shape Oval Layer both
position  2.540000 10.160000  size  1.700000  1.700000  orientation 0.00
drill  1.000000
shape_offset  0.000000  0.000000
$EndPAD
$PAD "11"
Shape Oval Layer both
position  0.000000 12.700000  size  1.700000  1.700000  orientation 0.00
drill  1.000000
shape_offset  0.000000  0.000000
$EndPAD
$PAD "12"
Shape Oval Layer both
position  2.540000 12.700000  size  1.700000  1.700000  orientation 0.00
drill  1.000000
shape_offset  0.000000  0.000000
$EndPAD
$EndMODULE  J2

$EndDESCRIPTION
